{"/Users/jackskates/Documents/javascript-fundamentals/phase-one/add.js": {"path":"/Users/jackskates/Documents/javascript-fundamentals/phase-one/add.js","statementMap":{"0":{"start":{"line":1,"column":12},"end":{"line":3,"column":1}},"1":{"start":{"line":2,"column":2},"end":{"line":2,"column":21}},"2":{"start":{"line":9,"column":0},"end":{"line":9,"column":21}}},"fnMap":{"0":{"name":"(anonymous_0)","decl":{"start":{"line":1,"column":12},"end":{"line":1,"column":13}},"loc":{"start":{"line":1,"column":28},"end":{"line":3,"column":1}},"line":1}},"branchMap":{},"s":{"0":1,"1":2,"2":1},"f":{"0":2},"b":{},"_coverageSchema":"1a1c01bbd47fc00a2c39e90264f33305004495a9","hash":"eaddd8cfafe2ab998df538ba5d7a3ddf083871da"}
,"/Users/jackskates/Documents/javascript-fundamentals/phase-one/candy.js": {"path":"/Users/jackskates/Documents/javascript-fundamentals/phase-one/candy.js","statementMap":{"0":{"start":{"line":3,"column":4},"end":{"line":3,"column":21}},"1":{"start":{"line":4,"column":4},"end":{"line":4,"column":23}},"2":{"start":{"line":8,"column":4},"end":{"line":8,"column":21}},"3":{"start":{"line":12,"column":4},"end":{"line":12,"column":22}},"4":{"start":{"line":21,"column":0},"end":{"line":21,"column":23}}},"fnMap":{"0":{"name":"(anonymous_0)","decl":{"start":{"line":2,"column":2},"end":{"line":2,"column":3}},"loc":{"start":{"line":2,"column":27},"end":{"line":5,"column":3}},"line":2},"1":{"name":"(anonymous_1)","decl":{"start":{"line":7,"column":2},"end":{"line":7,"column":3}},"loc":{"start":{"line":7,"column":12},"end":{"line":9,"column":3}},"line":7},"2":{"name":"(anonymous_2)","decl":{"start":{"line":11,"column":2},"end":{"line":11,"column":3}},"loc":{"start":{"line":11,"column":13},"end":{"line":13,"column":3}},"line":11}},"branchMap":{},"s":{"0":3,"1":3,"2":1,"3":1,"4":2},"f":{"0":3,"1":1,"2":1},"b":{},"_coverageSchema":"1a1c01bbd47fc00a2c39e90264f33305004495a9","hash":"36587ef2c1f72074c01b92290ae219d9960d537c"}
,"/Users/jackskates/Documents/javascript-fundamentals/phase-one/fizzBuzz.js": {"path":"/Users/jackskates/Documents/javascript-fundamentals/phase-one/fizzBuzz.js","statementMap":{"0":{"start":{"line":1,"column":17},"end":{"line":11,"column":1}},"1":{"start":{"line":2,"column":2},"end":{"line":10,"column":3}},"2":{"start":{"line":3,"column":4},"end":{"line":3,"column":22}},"3":{"start":{"line":4,"column":9},"end":{"line":10,"column":3}},"4":{"start":{"line":5,"column":4},"end":{"line":5,"column":18}},"5":{"start":{"line":6,"column":9},"end":{"line":10,"column":3}},"6":{"start":{"line":7,"column":4},"end":{"line":7,"column":18}},"7":{"start":{"line":9,"column":4},"end":{"line":9,"column":15}},"8":{"start":{"line":13,"column":0},"end":{"line":13,"column":26}}},"fnMap":{"0":{"name":"(anonymous_0)","decl":{"start":{"line":1,"column":17},"end":{"line":1,"column":18}},"loc":{"start":{"line":1,"column":26},"end":{"line":11,"column":1}},"line":1}},"branchMap":{"0":{"loc":{"start":{"line":2,"column":2},"end":{"line":10,"column":3}},"type":"if","locations":[{"start":{"line":2,"column":2},"end":{"line":10,"column":3}},{"start":{"line":4,"column":9},"end":{"line":10,"column":3}}],"line":2},"1":{"loc":{"start":{"line":4,"column":9},"end":{"line":10,"column":3}},"type":"if","locations":[{"start":{"line":4,"column":9},"end":{"line":10,"column":3}},{"start":{"line":6,"column":9},"end":{"line":10,"column":3}}],"line":4},"2":{"loc":{"start":{"line":6,"column":9},"end":{"line":10,"column":3}},"type":"if","locations":[{"start":{"line":6,"column":9},"end":{"line":10,"column":3}},{"start":{"line":8,"column":9},"end":{"line":10,"column":3}}],"line":6}},"s":{"0":1,"1":6,"2":1,"3":5,"4":2,"5":3,"6":2,"7":1,"8":1},"f":{"0":6},"b":{"0":[1,5],"1":[2,3],"2":[2,1]},"_coverageSchema":"1a1c01bbd47fc00a2c39e90264f33305004495a9","hash":"77856b378b6cae1570dd446ae5e45ba0d72d3e5d"}
,"/Users/jackskates/Documents/javascript-fundamentals/phase-one/multiply.js": {"path":"/Users/jackskates/Documents/javascript-fundamentals/phase-one/multiply.js","statementMap":{"0":{"start":{"line":1,"column":17},"end":{"line":3,"column":1}},"1":{"start":{"line":2,"column":2},"end":{"line":2,"column":21}},"2":{"start":{"line":11,"column":0},"end":{"line":11,"column":26}}},"fnMap":{"0":{"name":"(anonymous_0)","decl":{"start":{"line":1,"column":17},"end":{"line":1,"column":18}},"loc":{"start":{"line":1,"column":33},"end":{"line":3,"column":1}},"line":1}},"branchMap":{},"s":{"0":1,"1":2,"2":1},"f":{"0":2},"b":{},"_coverageSchema":"1a1c01bbd47fc00a2c39e90264f33305004495a9","hash":"d948f595d582d1148bbedebcd6b08728535e61ff"}
,"/Users/jackskates/Documents/javascript-fundamentals/phase-one/searchCandies.js": {"path":"/Users/jackskates/Documents/javascript-fundamentals/phase-one/searchCandies.js","statementMap":{"0":{"start":{"line":1,"column":16},"end":{"line":15,"column":1}},"1":{"start":{"line":21,"column":27},"end":{"line":23,"column":1}},"2":{"start":{"line":22,"column":2},"end":{"line":22,"column":51}},"3":{"start":{"line":25,"column":22},"end":{"line":30,"column":1}},"4":{"start":{"line":26,"column":18},"end":{"line":26,"column":44}},"5":{"start":{"line":27,"column":23},"end":{"line":27,"column":107}},"6":{"start":{"line":27,"column":47},"end":{"line":27,"column":106}},"7":{"start":{"line":28,"column":14},"end":{"line":28,"column":53}},"8":{"start":{"line":28,"column":42},"end":{"line":28,"column":52}},"9":{"start":{"line":29,"column":2},"end":{"line":29,"column":15}},"10":{"start":{"line":38,"column":0},"end":{"line":38,"column":31}}},"fnMap":{"0":{"name":"(anonymous_0)","decl":{"start":{"line":21,"column":27},"end":{"line":21,"column":28}},"loc":{"start":{"line":21,"column":36},"end":{"line":23,"column":1}},"line":21},"1":{"name":"(anonymous_1)","decl":{"start":{"line":25,"column":22},"end":{"line":25,"column":23}},"loc":{"start":{"line":25,"column":45},"end":{"line":30,"column":1}},"line":25},"2":{"name":"(anonymous_2)","decl":{"start":{"line":27,"column":38},"end":{"line":27,"column":39}},"loc":{"start":{"line":27,"column":47},"end":{"line":27,"column":106}},"line":27},"3":{"name":"(anonymous_3)","decl":{"start":{"line":28,"column":33},"end":{"line":28,"column":34}},"loc":{"start":{"line":28,"column":42},"end":{"line":28,"column":52}},"line":28}},"branchMap":{"0":{"loc":{"start":{"line":22,"column":9},"end":{"line":22,"column":51}},"type":"binary-expr","locations":[{"start":{"line":22,"column":9},"end":{"line":22,"column":12}},{"start":{"line":22,"column":16},"end":{"line":22,"column":51}}],"line":22},"1":{"loc":{"start":{"line":27,"column":47},"end":{"line":27,"column":106}},"type":"binary-expr","locations":[{"start":{"line":27,"column":47},"end":{"line":27,"column":70}},{"start":{"line":27,"column":74},"end":{"line":27,"column":106}}],"line":27}},"s":{"0":1,"1":1,"2":5,"3":1,"4":5,"5":5,"6":65,"7":5,"8":10,"9":5,"10":1},"f":{"0":5,"1":5,"2":65,"3":10},"b":{"0":[5,5],"1":[65,46]},"_coverageSchema":"1a1c01bbd47fc00a2c39e90264f33305004495a9","hash":"a6a807b72f1cb036f27913c1af7cd2474ebeaf44"}
,"/Users/jackskates/Documents/javascript-fundamentals/phase-one/shoppingBasket.js": {"path":"/Users/jackskates/Documents/javascript-fundamentals/phase-one/shoppingBasket.js","statementMap":{"0":{"start":{"line":1,"column":14},"end":{"line":1,"column":32}},"1":{"start":{"line":5,"column":4},"end":{"line":5,"column":21}},"2":{"start":{"line":6,"column":4},"end":{"line":6,"column":24}},"3":{"start":{"line":10,"column":4},"end":{"line":10,"column":28}},"4":{"start":{"line":11,"column":4},"end":{"line":11,"column":26}},"5":{"start":{"line":15,"column":4},"end":{"line":15,"column":22}},"6":{"start":{"line":19,"column":4},"end":{"line":19,"column":35}},"7":{"start":{"line":24,"column":0},"end":{"line":24,"column":32}}},"fnMap":{"0":{"name":"(anonymous_0)","decl":{"start":{"line":4,"column":2},"end":{"line":4,"column":3}},"loc":{"start":{"line":4,"column":16},"end":{"line":7,"column":3}},"line":4},"1":{"name":"(anonymous_1)","decl":{"start":{"line":9,"column":2},"end":{"line":9,"column":3}},"loc":{"start":{"line":9,"column":26},"end":{"line":12,"column":3}},"line":9},"2":{"name":"(anonymous_2)","decl":{"start":{"line":14,"column":2},"end":{"line":14,"column":3}},"loc":{"start":{"line":14,"column":18},"end":{"line":16,"column":3}},"line":14},"3":{"name":"(anonymous_3)","decl":{"start":{"line":18,"column":2},"end":{"line":18,"column":3}},"loc":{"start":{"line":18,"column":17},"end":{"line":20,"column":3}},"line":18}},"branchMap":{},"s":{"0":1,"1":5,"2":5,"3":2,"4":2,"5":3,"6":5,"7":1},"f":{"0":5,"1":2,"2":3,"3":5},"b":{},"_coverageSchema":"1a1c01bbd47fc00a2c39e90264f33305004495a9","hash":"049744d119a0f0d3484ae3cc4caa654535eb3c2e"}
,"/Users/jackskates/Documents/javascript-fundamentals/phase-one/thermostat.js": {"path":"/Users/jackskates/Documents/javascript-fundamentals/phase-one/thermostat.js","statementMap":{"0":{"start":{"line":3,"column":4},"end":{"line":3,"column":26}},"1":{"start":{"line":4,"column":4},"end":{"line":4,"column":28}},"2":{"start":{"line":8,"column":4},"end":{"line":8,"column":28}},"3":{"start":{"line":12,"column":4},"end":{"line":16,"column":5}},"4":{"start":{"line":13,"column":6},"end":{"line":13,"column":43}},"5":{"start":{"line":15,"column":6},"end":{"line":15,"column":25}},"6":{"start":{"line":20,"column":4},"end":{"line":20,"column":23}},"7":{"start":{"line":24,"column":4},"end":{"line":30,"column":5}},"8":{"start":{"line":25,"column":6},"end":{"line":25,"column":30}},"9":{"start":{"line":26,"column":6},"end":{"line":26,"column":51}},"10":{"start":{"line":28,"column":6},"end":{"line":28,"column":31}},"11":{"start":{"line":29,"column":6},"end":{"line":29,"column":60}},"12":{"start":{"line":34,"column":4},"end":{"line":34,"column":26}},"13":{"start":{"line":38,"column":0},"end":{"line":38,"column":28}}},"fnMap":{"0":{"name":"(anonymous_0)","decl":{"start":{"line":2,"column":2},"end":{"line":2,"column":3}},"loc":{"start":{"line":2,"column":16},"end":{"line":5,"column":3}},"line":2},"1":{"name":"(anonymous_1)","decl":{"start":{"line":7,"column":2},"end":{"line":7,"column":3}},"loc":{"start":{"line":7,"column":19},"end":{"line":9,"column":3}},"line":7},"2":{"name":"(anonymous_2)","decl":{"start":{"line":11,"column":2},"end":{"line":11,"column":3}},"loc":{"start":{"line":11,"column":7},"end":{"line":17,"column":3}},"line":11},"3":{"name":"(anonymous_3)","decl":{"start":{"line":19,"column":2},"end":{"line":19,"column":3}},"loc":{"start":{"line":19,"column":9},"end":{"line":21,"column":3}},"line":19},"4":{"name":"(anonymous_4)","decl":{"start":{"line":23,"column":2},"end":{"line":23,"column":3}},"loc":{"start":{"line":23,"column":30},"end":{"line":31,"column":3}},"line":23},"5":{"name":"(anonymous_5)","decl":{"start":{"line":33,"column":2},"end":{"line":33,"column":3}},"loc":{"start":{"line":33,"column":10},"end":{"line":35,"column":3}},"line":33}},"branchMap":{"0":{"loc":{"start":{"line":12,"column":4},"end":{"line":16,"column":5}},"type":"if","locations":[{"start":{"line":12,"column":4},"end":{"line":16,"column":5}},{"start":{"line":14,"column":11},"end":{"line":16,"column":5}}],"line":12},"1":{"loc":{"start":{"line":12,"column":8},"end":{"line":12,"column":58}},"type":"binary-expr","locations":[{"start":{"line":12,"column":8},"end":{"line":12,"column":32}},{"start":{"line":12,"column":36},"end":{"line":12,"column":58}}],"line":12},"2":{"loc":{"start":{"line":24,"column":4},"end":{"line":30,"column":5}},"type":"if","locations":[{"start":{"line":24,"column":4},"end":{"line":30,"column":5}},{"start":{"line":27,"column":11},"end":{"line":30,"column":5}}],"line":24}},"s":{"0":8,"1":8,"2":6,"3":37,"4":15,"5":22,"6":1,"7":6,"8":4,"9":4,"10":2,"11":2,"12":1,"13":1},"f":{"0":8,"1":6,"2":37,"3":1,"4":6,"5":1},"b":{"0":[15,22],"1":[37,30],"2":[4,2]},"_coverageSchema":"1a1c01bbd47fc00a2c39e90264f33305004495a9","hash":"c663c6b394107641b8652f9e71e33905ba7f29fd"}
,"/Users/jackskates/Documents/javascript-fundamentals/phase-two-last/api.js": {"path":"/Users/jackskates/Documents/javascript-fundamentals/phase-two-last/api.js","statementMap":{"0":{"start":{"line":1,"column":20},"end":{"line":11,"column":1}},"1":{"start":{"line":2,"column":18},"end":{"line":2,"column":20}},"2":{"start":{"line":4,"column":2},"end":{"line":4,"column":27}},"3":{"start":{"line":5,"column":2},"end":{"line":5,"column":23}},"4":{"start":{"line":6,"column":2},"end":{"line":6,"column":31}},"5":{"start":{"line":7,"column":2},"end":{"line":7,"column":31}},"6":{"start":{"line":8,"column":2},"end":{"line":8,"column":66}},"7":{"start":{"line":8,"column":46},"end":{"line":8,"column":64}},"8":{"start":{"line":10,"column":2},"end":{"line":10,"column":17}},"9":{"start":{"line":13,"column":21},"end":{"line":24,"column":1}},"10":{"start":{"line":14,"column":2},"end":{"line":23,"column":4}},"11":{"start":{"line":16,"column":4},"end":{"line":16,"column":26}},"12":{"start":{"line":19,"column":4},"end":{"line":19,"column":29}},"13":{"start":{"line":22,"column":4},"end":{"line":22,"column":19}},"14":{"start":{"line":26,"column":20},"end":{"line":29,"column":1}},"15":{"start":{"line":27,"column":13},"end":{"line":27,"column":71}},"16":{"start":{"line":27,"column":50},"end":{"line":27,"column":70}},"17":{"start":{"line":28,"column":2},"end":{"line":28,"column":13}},"18":{"start":{"line":34,"column":0},"end":{"line":34,"column":30}},"19":{"start":{"line":35,"column":0},"end":{"line":35,"column":27}}},"fnMap":{"0":{"name":"(anonymous_0)","decl":{"start":{"line":1,"column":20},"end":{"line":1,"column":21}},"loc":{"start":{"line":1,"column":30},"end":{"line":11,"column":1}},"line":1},"1":{"name":"(anonymous_1)","decl":{"start":{"line":8,"column":32},"end":{"line":8,"column":33}},"loc":{"start":{"line":8,"column":46},"end":{"line":8,"column":64}},"line":8},"2":{"name":"(anonymous_2)","decl":{"start":{"line":13,"column":21},"end":{"line":13,"column":22}},"loc":{"start":{"line":13,"column":35},"end":{"line":24,"column":1}},"line":13},"3":{"name":"(anonymous_3)","decl":{"start":{"line":15,"column":8},"end":{"line":15,"column":9}},"loc":{"start":{"line":15,"column":22},"end":{"line":17,"column":3}},"line":15},"4":{"name":"(anonymous_4)","decl":{"start":{"line":18,"column":8},"end":{"line":18,"column":9}},"loc":{"start":{"line":18,"column":18},"end":{"line":20,"column":3}},"line":18},"5":{"name":"(anonymous_5)","decl":{"start":{"line":21,"column":8},"end":{"line":21,"column":9}},"loc":{"start":{"line":21,"column":21},"end":{"line":23,"column":3}},"line":21},"6":{"name":"(anonymous_6)","decl":{"start":{"line":26,"column":20},"end":{"line":26,"column":21}},"loc":{"start":{"line":26,"column":30},"end":{"line":29,"column":1}},"line":26},"7":{"name":"(anonymous_7)","decl":{"start":{"line":27,"column":37},"end":{"line":27,"column":38}},"loc":{"start":{"line":27,"column":50},"end":{"line":27,"column":70}},"line":27}},"branchMap":{},"s":{"0":2,"1":5,"2":5,"3":5,"4":5,"5":5,"6":5,"7":6,"8":5,"9":2,"10":5,"11":5,"12":5,"13":5,"14":2,"15":0,"16":0,"17":0,"18":2,"19":2},"f":{"0":5,"1":6,"2":5,"3":5,"4":5,"5":5,"6":0,"7":0},"b":{},"_coverageSchema":"1a1c01bbd47fc00a2c39e90264f33305004495a9","hash":"4df962dc7039b9a4ee427bd535205e30682cff0f"}
,"/Users/jackskates/Documents/javascript-fundamentals/phase-two-last/pokedex.js": {"path":"/Users/jackskates/Documents/javascript-fundamentals/phase-two-last/pokedex.js","statementMap":{"0":{"start":{"line":1,"column":21},"end":{"line":1,"column":37}},"1":{"start":{"line":6,"column":4},"end":{"line":6,"column":18}},"2":{"start":{"line":10,"column":4},"end":{"line":10,"column":20}},"3":{"start":{"line":14,"column":4},"end":{"line":17,"column":7}},"4":{"start":{"line":16,"column":6},"end":{"line":16,"column":29}},"5":{"start":{"line":21,"column":10},"end":{"line":21,"column":23}},"6":{"start":{"line":24,"column":0},"end":{"line":24,"column":25}}},"fnMap":{"0":{"name":"(anonymous_0)","decl":{"start":{"line":5,"column":2},"end":{"line":5,"column":3}},"loc":{"start":{"line":5,"column":16},"end":{"line":7,"column":3}},"line":5},"1":{"name":"(anonymous_1)","decl":{"start":{"line":9,"column":2},"end":{"line":9,"column":3}},"loc":{"start":{"line":9,"column":8},"end":{"line":11,"column":3}},"line":9},"2":{"name":"(anonymous_2)","decl":{"start":{"line":13,"column":2},"end":{"line":13,"column":3}},"loc":{"start":{"line":13,"column":17},"end":{"line":18,"column":3}},"line":13},"3":{"name":"(anonymous_3)","decl":{"start":{"line":15,"column":10},"end":{"line":15,"column":11}},"loc":{"start":{"line":15,"column":22},"end":{"line":17,"column":5}},"line":15}},"branchMap":{},"s":{"0":1,"1":4,"2":6,"3":3,"4":3,"5":1,"6":1},"f":{"0":4,"1":6,"2":3,"3":3},"b":{},"_coverageSchema":"1a1c01bbd47fc00a2c39e90264f33305004495a9","hash":"f6d4da7ef52e6e74d881b24a68b5ced443d9f6a5"}
}
