TN:
SF:phase-one/add.js
FN:1,(anonymous_0)
FNF:1
FNH:1
FNDA:2,(anonymous_0)
DA:1,1
DA:2,2
DA:9,1
LF:3
LH:3
BRF:0
BRH:0
end_of_record
TN:
SF:phase-one/candy.js
FN:2,(anonymous_0)
FN:7,(anonymous_1)
FN:11,(anonymous_2)
FNF:3
FNH:3
FNDA:3,(anonymous_0)
FNDA:1,(anonymous_1)
FNDA:1,(anonymous_2)
DA:3,3
DA:4,3
DA:8,1
DA:12,1
DA:21,2
LF:5
LH:5
BRF:0
BRH:0
end_of_record
TN:
SF:phase-one/fizzBuzz.js
FN:1,(anonymous_0)
FNF:1
FNH:1
FNDA:6,(anonymous_0)
DA:1,1
DA:2,6
DA:3,1
DA:4,5
DA:5,2
DA:6,3
DA:7,2
DA:9,1
DA:13,1
LF:9
LH:9
BRDA:2,0,0,1
BRDA:2,0,1,5
BRDA:4,1,0,2
BRDA:4,1,1,3
BRDA:6,2,0,2
BRDA:6,2,1,1
BRF:6
BRH:6
end_of_record
TN:
SF:phase-one/multiply.js
FN:1,(anonymous_0)
FNF:1
FNH:1
FNDA:2,(anonymous_0)
DA:1,1
DA:2,2
DA:11,1
LF:3
LH:3
BRF:0
BRH:0
end_of_record
TN:
SF:phase-one/searchCandies.js
FN:21,(anonymous_0)
FN:25,(anonymous_1)
FN:27,(anonymous_2)
FN:28,(anonymous_3)
FNF:4
FNH:4
FNDA:5,(anonymous_0)
FNDA:5,(anonymous_1)
FNDA:65,(anonymous_2)
FNDA:10,(anonymous_3)
DA:1,1
DA:21,1
DA:22,5
DA:25,1
DA:26,5
DA:27,65
DA:28,10
DA:29,5
DA:38,1
LF:9
LH:9
BRDA:22,0,0,5
BRDA:22,0,1,5
BRDA:27,1,0,65
BRDA:27,1,1,46
BRF:4
BRH:4
end_of_record
TN:
SF:phase-one/shoppingBasket.js
FN:4,(anonymous_0)
FN:9,(anonymous_1)
FN:14,(anonymous_2)
FN:18,(anonymous_3)
FNF:4
FNH:4
FNDA:5,(anonymous_0)
FNDA:2,(anonymous_1)
FNDA:3,(anonymous_2)
FNDA:5,(anonymous_3)
DA:1,1
DA:5,5
DA:6,5
DA:10,2
DA:11,2
DA:15,3
DA:19,5
DA:24,1
LF:8
LH:8
BRF:0
BRH:0
end_of_record
TN:
SF:phase-one/thermostat.js
FN:2,(anonymous_0)
FN:7,(anonymous_1)
FN:11,(anonymous_2)
FN:19,(anonymous_3)
FN:23,(anonymous_4)
FN:33,(anonymous_5)
FNF:6
FNH:6
FNDA:8,(anonymous_0)
FNDA:6,(anonymous_1)
FNDA:37,(anonymous_2)
FNDA:1,(anonymous_3)
FNDA:6,(anonymous_4)
FNDA:1,(anonymous_5)
DA:3,8
DA:4,8
DA:8,6
DA:12,37
DA:13,15
DA:15,22
DA:20,1
DA:24,6
DA:25,4
DA:26,4
DA:28,2
DA:29,2
DA:34,1
DA:38,1
LF:14
LH:14
BRDA:12,0,0,15
BRDA:12,0,1,22
BRDA:12,1,0,37
BRDA:12,1,1,30
BRDA:24,2,0,4
BRDA:24,2,1,2
BRF:6
BRH:6
end_of_record
TN:
SF:phase-two-last/api.js
FN:1,(anonymous_0)
FN:8,(anonymous_1)
FN:13,(anonymous_2)
FN:15,(anonymous_3)
FN:18,(anonymous_4)
FN:21,(anonymous_5)
FN:26,(anonymous_6)
FN:27,(anonymous_7)
FNF:8
FNH:6
FNDA:5,(anonymous_0)
FNDA:6,(anonymous_1)
FNDA:5,(anonymous_2)
FNDA:5,(anonymous_3)
FNDA:5,(anonymous_4)
FNDA:5,(anonymous_5)
FNDA:0,(anonymous_6)
FNDA:0,(anonymous_7)
DA:1,2
DA:2,5
DA:4,5
DA:5,5
DA:6,5
DA:7,5
DA:8,6
DA:10,5
DA:13,2
DA:14,5
DA:16,5
DA:19,5
DA:22,5
DA:26,2
DA:27,0
DA:28,0
DA:34,2
DA:35,2
LF:18
LH:16
BRF:0
BRH:0
end_of_record
TN:
SF:phase-two-last/pokedex.js
FN:5,(anonymous_0)
FN:9,(anonymous_1)
FN:13,(anonymous_2)
FN:15,(anonymous_3)
FNF:4
FNH:4
FNDA:4,(anonymous_0)
FNDA:6,(anonymous_1)
FNDA:3,(anonymous_2)
FNDA:3,(anonymous_3)
DA:1,1
DA:6,4
DA:10,6
DA:14,3
DA:16,3
DA:21,1
DA:24,1
LF:7
LH:7
BRF:0
BRH:0
end_of_record
